Determining if the pthread_create exist failed with the following output:
Change Dir: /home/hector/Git/ActorFramework/build/CMakeFiles/CMakeTmp

Run Build Command:/usr/bin/make "cmTryCompileExec1267027265/fast"
/usr/bin/make -f CMakeFiles/cmTryCompileExec1267027265.dir/build.make CMakeFiles/cmTryCompileExec1267027265.dir/build
make[1]: Entering directory '/home/hector/Git/ActorFramework/build/CMakeFiles/CMakeTmp'
/usr/bin/cmake -E cmake_progress_report /home/hector/Git/ActorFramework/build/CMakeFiles/CMakeTmp/CMakeFiles 1
Building C object CMakeFiles/cmTryCompileExec1267027265.dir/CheckSymbolExists.c.o
/usr/bin/cc    -o CMakeFiles/cmTryCompileExec1267027265.dir/CheckSymbolExists.c.o   -c /home/hector/Git/ActorFramework/build/CMakeFiles/CMakeTmp/CheckSymbolExists.c
Linking C executable cmTryCompileExec1267027265
/usr/bin/cmake -E cmake_link_script CMakeFiles/cmTryCompileExec1267027265.dir/link.txt --verbose=1
/usr/bin/cc       CMakeFiles/cmTryCompileExec1267027265.dir/CheckSymbolExists.c.o  -o cmTryCompileExec1267027265 -rdynamic 
CMakeFiles/cmTryCompileExec1267027265.dir/CheckSymbolExists.c.o: In function `main':
CheckSymbolExists.c:(.text+0x16): undefined reference to `pthread_create'
collect2: error: ld returned 1 exit status
CMakeFiles/cmTryCompileExec1267027265.dir/build.make:88: recipe for target 'cmTryCompileExec1267027265' failed
make[1]: *** [cmTryCompileExec1267027265] Error 1
make[1]: Leaving directory '/home/hector/Git/ActorFramework/build/CMakeFiles/CMakeTmp'
Makefile:114: recipe for target 'cmTryCompileExec1267027265/fast' failed
make: *** [cmTryCompileExec1267027265/fast] Error 2

File /home/hector/Git/ActorFramework/build/CMakeFiles/CMakeTmp/CheckSymbolExists.c:
/* */
#include <pthread.h>

int main(int argc, char** argv)
{
  (void)argv;
#ifndef pthread_create
  return ((int*)(&pthread_create))[argc];
#else
  (void)argc;
  return 0;
#endif
}

Determining if the function pthread_create exists in the pthreads failed with the following output:
Change Dir: /home/hector/Git/ActorFramework/build/CMakeFiles/CMakeTmp

Run Build Command:/usr/bin/make "cmTryCompileExec1012853078/fast"
/usr/bin/make -f CMakeFiles/cmTryCompileExec1012853078.dir/build.make CMakeFiles/cmTryCompileExec1012853078.dir/build
make[1]: Entering directory '/home/hector/Git/ActorFramework/build/CMakeFiles/CMakeTmp'
/usr/bin/cmake -E cmake_progress_report /home/hector/Git/ActorFramework/build/CMakeFiles/CMakeTmp/CMakeFiles 1
Building C object CMakeFiles/cmTryCompileExec1012853078.dir/CheckFunctionExists.c.o
/usr/bin/cc   -DCHECK_FUNCTION_EXISTS=pthread_create   -o CMakeFiles/cmTryCompileExec1012853078.dir/CheckFunctionExists.c.o   -c /usr/share/cmake-2.8/Modules/CheckFunctionExists.c
Linking C executable cmTryCompileExec1012853078
/usr/bin/cmake -E cmake_link_script CMakeFiles/cmTryCompileExec1012853078.dir/link.txt --verbose=1
/usr/bin/cc   -DCHECK_FUNCTION_EXISTS=pthread_create    CMakeFiles/cmTryCompileExec1012853078.dir/CheckFunctionExists.c.o  -o cmTryCompileExec1012853078 -rdynamic -lpthreads 
/usr/bin/ld: cannot find -lpthreads
collect2: error: ld returned 1 exit status
CMakeFiles/cmTryCompileExec1012853078.dir/build.make:88: recipe for target 'cmTryCompileExec1012853078' failed
make[1]: Leaving directory '/home/hector/Git/ActorFramework/build/CMakeFiles/CMakeTmp'
Makefile:114: recipe for target 'cmTryCompileExec1012853078/fast' failed
make[1]: *** [cmTryCompileExec1012853078] Error 1
make: *** [cmTryCompileExec1012853078/fast] Error 2


